Build started 11/9/2013 11:16:29 AM.
     1>Project "C:\Users\Michelle\Documents\Classes\6456\Project\JigsawPuzzle\JigsawPuzzle\JigsawPuzzle.vcxproj" on node 2 (build target(s)).
     1>InitializeBuildStatus:
         Creating "Release\JigsawPuzzle.unsuccessfulbuild" because "AlwaysCreate" was specified.
       ClCompile:
         c:\Program Files (x86)\Microsoft Visual Studio 10.0\VC\bin\CL.exe /c /Zi /nologo /W3 /WX- /O2 /Oi /Oy- /GL /D WIN32 /D NDEBUG /D _CONSOLE /D _UNICODE /D UNICODE /Gm- /EHsc /MD /GS /Gy /fp:precise /Zc:wchar_t /Zc:forScope /Fo"Release\\" /Fd"Release\vc100.pdb" /Gd /TP /analyze- /errorReport:prompt accumaa.cpp
         accumaa.cpp
     1>accumaa.cpp(22): warning C4244: '=' : conversion from 'int' to 'GLfloat', possible loss of data
     1>accumaa.cpp(126): warning C4244: '=' : conversion from 'const GLdouble' to 'GLfloat', possible loss of data
     1>accumaa.cpp(127): warning C4244: '=' : conversion from 'const GLdouble' to 'GLfloat', possible loss of data
       Link:
         c:\Program Files (x86)\Microsoft Visual Studio 10.0\VC\bin\link.exe /ERRORREPORT:PROMPT /OUT:"C:\Users\Michelle\Documents\Classes\6456\Project\JigsawPuzzle\JigsawPuzzle\Release\JigsawPuzzle.exe" /INCREMENTAL:NO /NOLOGO kernel32.lib user32.lib gdi32.lib winspool.lib comdlg32.lib advapi32.lib shell32.lib ole32.lib oleaut32.lib uuid.lib odbc32.lib odbccp32.lib kernel32.lib user32.lib gdi32.lib winspool.lib comdlg32.lib advapi32.lib shell32.lib ole32.lib oleaut32.lib uuid.lib odbc32.lib odbccp32.lib freeglut.lib /MANIFEST /ManifestFile:"Release\JigsawPuzzle.exe.intermediate.manifest" /MANIFESTUAC:"level='asInvoker' uiAccess='false'" /DEBUG /PDB:"C:\Users\Michelle\Documents\Classes\6456\Project\JigsawPuzzle\JigsawPuzzle\Release\JigsawPuzzle.pdb" /SUBSYSTEM:CONSOLE /OPT:REF /OPT:ICF /LTCG /TLBID:1 /DYNAMICBASE /NXCOMPAT /IMPLIB:"C:\Users\Michelle\Documents\Classes\6456\Project\JigsawPuzzle\JigsawPuzzle\Release\JigsawPuzzle.lib" /MACHINE:X86 Release\accumaa.obj
         Generating code
         Finished generating code
         JigsawPuzzle.vcxproj -> C:\Users\Michelle\Documents\Classes\6456\Project\JigsawPuzzle\JigsawPuzzle\Release\JigsawPuzzle.exe
       Manifest:
         C:\Program Files (x86)\Microsoft SDKs\Windows\v7.0A\bin\mt.exe /nologo /verbose /outputresource:"C:\Users\Michelle\Documents\Classes\6456\Project\JigsawPuzzle\JigsawPuzzle\Release\JigsawPuzzle.exe;#1" /manifest Release\JigsawPuzzle.exe.intermediate.manifest
       FinalizeBuildStatus:
         Deleting file "Release\JigsawPuzzle.unsuccessfulbuild".
         Touching "Release\JigsawPuzzle.lastbuildstate".
     1>Done Building Project "C:\Users\Michelle\Documents\Classes\6456\Project\JigsawPuzzle\JigsawPuzzle\JigsawPuzzle.vcxproj" (build target(s)).

Build succeeded.

Time Elapsed 00:00:00.99
